{"level":"error","msg":"The ACME resolver \"le\" is skipped from the resolvers list because: unable to get ACME account: permissions 644 for acme.json are too open, please use 600","time":"2023-04-22T14:02:05Z"}
{"entryPointName":"metrics","level":"error","msg":"entryPoint \"metrics\" doesn't exist","routerName":"prometheus@internal","time":"2023-04-22T14:02:06Z"}
{"level":"error","msg":"no valid entryPoint for this router","routerName":"prometheus@internal","time":"2023-04-22T14:02:06Z"}
{"entryPointName":"web","level":"error","msg":"HTTP challenge is not enabled","routerName":"acme-http@internal","time":"2023-04-22T14:02:06Z"}
{"entryPointName":"metrics","level":"error","msg":"entryPoint \"metrics\" doesn't exist","routerName":"prometheus@internal","time":"2023-04-22T14:02:07Z"}
{"level":"error","msg":"no valid entryPoint for this router","routerName":"prometheus@internal","time":"2023-04-22T14:02:07Z"}
{"entryPointName":"web","level":"error","msg":"HTTP challenge is not enabled","routerName":"acme-http@internal","time":"2023-04-22T14:02:07Z"}
{"entryPointName":"metrics","level":"error","msg":"entryPoint \"metrics\" doesn't exist","routerName":"prometheus@internal","time":"2023-04-22T14:07:58Z"}
{"level":"error","msg":"no valid entryPoint for this router","routerName":"prometheus@internal","time":"2023-04-22T14:07:58Z"}
{"entryPointName":"web","level":"error","msg":"HTTP challenge is not enabled","routerName":"acme-http@internal","time":"2023-04-22T14:07:58Z"}
{"level":"error","msg":"the router whoami@docker uses a non-existent resolver: le","time":"2023-04-22T14:07:58Z"}
{"entryPointName":"metrics","level":"error","msg":"entryPoint \"metrics\" doesn't exist","routerName":"prometheus@internal","time":"2023-04-22T14:25:33Z"}
{"level":"error","msg":"no valid entryPoint for this router","routerName":"prometheus@internal","time":"2023-04-22T14:25:33Z"}
{"entryPointName":"web","level":"error","msg":"HTTP challenge is not enabled","routerName":"acme-http@internal","time":"2023-04-22T14:25:33Z"}
{"level":"error","msg":"the router whoami@docker uses a non-existent resolver: le","time":"2023-04-22T14:25:33Z"}
{"entryPointName":"metrics","level":"error","msg":"entryPoint \"metrics\" doesn't exist","routerName":"prometheus@internal","time":"2023-04-22T14:25:40Z"}
{"level":"error","msg":"no valid entryPoint for this router","routerName":"prometheus@internal","time":"2023-04-22T14:25:40Z"}
{"entryPointName":"web","level":"error","msg":"HTTP challenge is not enabled","routerName":"acme-http@internal","time":"2023-04-22T14:25:40Z"}
{"level":"error","msg":"the router whoami@docker uses a non-existent resolver: le","time":"2023-04-22T14:25:40Z"}
{"entryPointName":"metrics","level":"error","msg":"entryPoint \"metrics\" doesn't exist","routerName":"prometheus@internal","time":"2023-04-22T14:25:45Z"}
{"level":"error","msg":"no valid entryPoint for this router","routerName":"prometheus@internal","time":"2023-04-22T14:25:45Z"}
{"entryPointName":"web","level":"error","msg":"HTTP challenge is not enabled","routerName":"acme-http@internal","time":"2023-04-22T14:25:45Z"}
{"level":"error","msg":"the router whoami@docker uses a non-existent resolver: le","time":"2023-04-22T14:25:45Z"}
{"entryPointName":"metrics","level":"error","msg":"entryPoint \"metrics\" doesn't exist","routerName":"prometheus@internal","time":"2023-04-22T14:36:57Z"}
{"level":"error","msg":"no valid entryPoint for this router","routerName":"prometheus@internal","time":"2023-04-22T14:36:57Z"}
{"entryPointName":"web","level":"error","msg":"HTTP challenge is not enabled","routerName":"acme-http@internal","time":"2023-04-22T14:36:57Z"}
{"entryPointName":"metrics","level":"error","msg":"entryPoint \"metrics\" doesn't exist","routerName":"prometheus@internal","time":"2023-04-22T14:37:31Z"}
{"level":"error","msg":"no valid entryPoint for this router","routerName":"prometheus@internal","time":"2023-04-22T14:37:31Z"}
{"entryPointName":"web","level":"error","msg":"HTTP challenge is not enabled","routerName":"acme-http@internal","time":"2023-04-22T14:37:31Z"}
{"level":"error","msg":"the router whoami@docker uses a non-existent resolver: le","time":"2023-04-22T14:37:31Z"}
{"entryPointName":"metrics","level":"error","msg":"entryPoint \"metrics\" doesn't exist","routerName":"prometheus@internal","time":"2023-04-22T14:38:24Z"}
{"level":"error","msg":"no valid entryPoint for this router","routerName":"prometheus@internal","time":"2023-04-22T14:38:24Z"}
{"entryPointName":"web","level":"error","msg":"HTTP challenge is not enabled","routerName":"acme-http@internal","time":"2023-04-22T14:38:24Z"}
{"entryPointName":"metrics","level":"error","msg":"entryPoint \"metrics\" doesn't exist","routerName":"prometheus@internal","time":"2023-04-22T14:38:26Z"}
{"level":"error","msg":"no valid entryPoint for this router","routerName":"prometheus@internal","time":"2023-04-22T14:38:26Z"}
{"entryPointName":"web","level":"error","msg":"HTTP challenge is not enabled","routerName":"acme-http@internal","time":"2023-04-22T14:38:26Z"}
{"entryPointName":"metrics","level":"error","msg":"entryPoint \"metrics\" doesn't exist","routerName":"prometheus@internal","time":"2023-04-22T14:48:01Z"}
{"level":"error","msg":"no valid entryPoint for this router","routerName":"prometheus@internal","time":"2023-04-22T14:48:01Z"}
{"entryPointName":"web","level":"error","msg":"HTTP challenge is not enabled","routerName":"acme-http@internal","time":"2023-04-22T14:48:01Z"}
{"entryPointName":"metrics","level":"error","msg":"entryPoint \"metrics\" doesn't exist","routerName":"prometheus@internal","time":"2023-04-22T14:48:05Z"}
{"level":"error","msg":"no valid entryPoint for this router","routerName":"prometheus@internal","time":"2023-04-22T14:48:05Z"}
{"entryPointName":"web","level":"error","msg":"HTTP challenge is not enabled","routerName":"acme-http@internal","time":"2023-04-22T14:48:05Z"}
{"entryPointName":"metrics","level":"error","msg":"entryPoint \"metrics\" doesn't exist","routerName":"prometheus@internal","time":"2023-04-22T18:11:48Z"}
{"level":"error","msg":"no valid entryPoint for this router","routerName":"prometheus@internal","time":"2023-04-22T18:11:48Z"}
{"entryPointName":"web","level":"error","msg":"HTTP challenge is not enabled","routerName":"acme-http@internal","time":"2023-04-22T18:11:48Z"}
{"level":"error","msg":"the router cra@docker uses a non-existent resolver: le","time":"2023-04-22T18:11:48Z"}
